TN:
SF:C:\Users\masee\Desktop\v1.0-1\contracts\BasicDutchAuction.sol
FN:15,constructor
FN:32,getCurrentPrice
FN:41,bid
FNF:3
FNH:3
FNDA:3,constructor
FNDA:9,getCurrentPrice
FNDA:7,bid
DA:20,3
DA:21,3
DA:22,3
DA:23,3
DA:24,3
DA:26,3
DA:33,9
DA:34,9
DA:35,2
DA:37,7
DA:43,7
DA:46,6
DA:48,6
DA:51,5
DA:53,5
DA:61,3
DA:62,3
DA:64,3
LF:18
LH:18
BRDA:34,1,0,2
BRDA:34,1,1,7
BRDA:43,2,0,6
BRDA:43,2,1,1
BRDA:48,3,0,5
BRDA:48,3,1,1
BRDA:53,4,0,3
BRDA:53,4,1,2
BRF:8
BRH:8
end_of_record
TN:
SF:C:\Users\masee\Desktop\v1.0-1\contracts\Lock.sol
FN:13,constructor
FN:23,withdraw
FNF:2
FNH:2
FNDA:4,constructor
FNDA:5,withdraw
DA:14,4
DA:19,3
DA:20,3
DA:27,5
DA:28,4
DA:30,3
DA:32,3
LF:7
LH:7
BRDA:14,1,0,3
BRDA:14,1,1,1
BRDA:27,2,0,4
BRDA:27,2,1,1
BRDA:28,3,0,3
BRDA:28,3,1,1
BRF:6
BRH:6
end_of_record
