{"contracts\\BasicDutchAuction.sol":{"l":{"20":3,"21":3,"22":3,"23":3,"24":3,"26":3,"33":9,"34":9,"35":2,"37":7,"43":7,"46":6,"48":6,"51":5,"53":5,"61":3,"62":3,"64":3},"path":"C:\\Users\\masee\\Desktop\\v1.0-1\\contracts\\BasicDutchAuction.sol","s":{"1":9,"2":9,"3":2,"4":7,"5":7,"6":6,"7":6,"8":5,"9":5,"10":3,"11":3},"b":{"1":[2,7],"2":[6,1],"3":[5,1],"4":[3,2]},"f":{"1":3,"2":9,"3":7},"fnMap":{"1":{"name":"constructor","line":15,"loc":{"start":{"line":15,"column":4},"end":{"line":29,"column":4}}},"2":{"name":"getCurrentPrice","line":32,"loc":{"start":{"line":32,"column":4},"end":{"line":39,"column":4}}},"3":{"name":"bid","line":41,"loc":{"start":{"line":41,"column":4},"end":{"line":65,"column":4}}}},"statementMap":{"1":{"start":{"line":33,"column":8},"end":{"line":33,"column":57}},"2":{"start":{"line":34,"column":8},"end":{"line":34,"column":1057}},"3":{"start":{"line":35,"column":12},"end":{"line":35,"column":31}},"4":{"start":{"line":37,"column":12},"end":{"line":37,"column":71}},"5":{"start":{"line":43,"column":8},"end":{"line":43,"column":69}},"6":{"start":{"line":46,"column":8},"end":{"line":46,"column":57}},"7":{"start":{"line":48,"column":8},"end":{"line":48,"column":72}},"8":{"start":{"line":51,"column":8},"end":{"line":51,"column":48}},"9":{"start":{"line":53,"column":8},"end":{"line":53,"column":1892}},"10":{"start":{"line":62,"column":8},"end":{"line":62,"column":32}},"11":{"start":{"line":64,"column":8},"end":{"line":64,"column":21}}},"branchMap":{"1":{"line":34,"type":"if","locations":[{"start":{"line":34,"column":8},"end":{"line":34,"column":8}},{"start":{"line":34,"column":8},"end":{"line":34,"column":8}}]},"2":{"line":43,"type":"if","locations":[{"start":{"line":43,"column":8},"end":{"line":43,"column":8}},{"start":{"line":43,"column":8},"end":{"line":43,"column":8}}]},"3":{"line":48,"type":"if","locations":[{"start":{"line":48,"column":8},"end":{"line":48,"column":8}},{"start":{"line":48,"column":8},"end":{"line":48,"column":8}}]},"4":{"line":53,"type":"if","locations":[{"start":{"line":53,"column":8},"end":{"line":53,"column":8}},{"start":{"line":53,"column":8},"end":{"line":53,"column":8}}]}}},"contracts\\Lock.sol":{"l":{"14":4,"19":3,"20":3,"27":5,"28":4,"30":3,"32":3},"path":"C:\\Users\\masee\\Desktop\\v1.0-1\\contracts\\Lock.sol","s":{"1":4,"2":5,"3":4,"4":3,"5":3},"b":{"1":[3,1],"2":[4,1],"3":[3,1]},"f":{"1":4,"2":5},"fnMap":{"1":{"name":"constructor","line":13,"loc":{"start":{"line":13,"column":4},"end":{"line":21,"column":4}}},"2":{"name":"withdraw","line":23,"loc":{"start":{"line":23,"column":4},"end":{"line":33,"column":4}}}},"statementMap":{"1":{"start":{"line":14,"column":8},"end":{"line":14,"column":327}},"2":{"start":{"line":27,"column":8},"end":{"line":27,"column":71}},"3":{"start":{"line":28,"column":8},"end":{"line":28,"column":59}},"4":{"start":{"line":30,"column":8},"end":{"line":30,"column":63}},"5":{"start":{"line":32,"column":8},"end":{"line":32,"column":44}}},"branchMap":{"1":{"line":14,"type":"if","locations":[{"start":{"line":14,"column":8},"end":{"line":14,"column":8}},{"start":{"line":14,"column":8},"end":{"line":14,"column":8}}]},"2":{"line":27,"type":"if","locations":[{"start":{"line":27,"column":8},"end":{"line":27,"column":8}},{"start":{"line":27,"column":8},"end":{"line":27,"column":8}}]},"3":{"line":28,"type":"if","locations":[{"start":{"line":28,"column":8},"end":{"line":28,"column":8}},{"start":{"line":28,"column":8},"end":{"line":28,"column":8}}]}}}}